\BOOKMARK [0][-]{chapter*.1}{\376\377\000L\000i\000s\000t\000\040\000o\000f\000\040\000T\000a\000b\000l\000e\000s}{}% 1
\BOOKMARK [0][-]{chapter*.2}{\376\377\000L\000i\000s\000t\000\040\000o\000f\000\040\000F\000i\000g\000u\000r\000e\000s}{}% 2
\BOOKMARK [0][-]{chapter.1}{\376\377\000I\000n\000t\000r\000o\000d\000u\000c\000t\000i\000o\000n}{}% 3
\BOOKMARK [1][-]{section.1.1}{\376\377\000M\000o\000t\000i\000v\000a\000t\000i\000o\000n}{chapter.1}% 4
\BOOKMARK [1][-]{section.1.2}{\376\377\000C\000o\000n\000t\000r\000i\000b\000u\000t\000i\000o\000n\000s}{chapter.1}% 5
\BOOKMARK [0][-]{chapter.2}{\376\377\000B\000a\000c\000k\000g\000r\000o\000u\000n\000d\000\040\000\046\000\040\000R\000e\000l\000a\000t\000e\000d\000\040\000W\000o\000r\000k}{}% 6
\BOOKMARK [1][-]{section.2.1}{\376\377\000P\000a\000r\000a\000l\000l\000e\000l\000\040\000v\000s\000.\000\040\000D\000i\000s\000t\000r\000i\000b\000u\000t\000e\000d\000\040\000C\000o\000m\000p\000u\000t\000i\000n\000g}{chapter.2}% 7
\BOOKMARK [1][-]{section.2.2}{\376\377\000P\000r\000o\000b\000l\000e\000m\000\040\000D\000o\000m\000a\000i\000n\000:\000\040\000P\000-\000C\000o\000m\000p\000l\000e\000t\000e\000\040\000P\000r\000o\000b\000l\000e\000m\000s}{chapter.2}% 8
\BOOKMARK [1][-]{section.2.3}{\376\377\000L\000o\000c\000a\000l\000i\000t\000y\000\040\000o\000f\000\040\000R\000e\000f\000e\000r\000e\000n\000c\000e}{chapter.2}% 9
\BOOKMARK [1][-]{section.2.4}{\376\377\000C\000a\000c\000h\000e\000\040\000R\000e\000p\000l\000a\000c\000e\000m\000e\000n\000t\000\040\000P\000o\000l\000i\000c\000i\000e\000s}{chapter.2}% 10
\BOOKMARK [1][-]{section.2.5}{\376\377\000F\000i\000r\000s\000t\000-\000C\000l\000a\000s\000s\000\040\000D\000i\000s\000t\000r\000i\000b\000u\000t\000e\000d\000\040\000C\000o\000m\000p\000u\000t\000i\000n\000g\000\040\000i\000n\000\040\000C\000+\000+}{chapter.2}% 11
\BOOKMARK [1][-]{section.2.6}{\376\377\000M\000e\000m\000o\000r\000y\000\040\000i\000n\000\040\000D\000i\000s\000t\000r\000i\000b\000u\000t\000e\000d\000\040\000A\000p\000p\000l\000i\000c\000a\000t\000i\000o\000n\000s}{chapter.2}% 12
\BOOKMARK [1][-]{section.2.7}{\376\377\000A\000p\000p\000l\000i\000c\000a\000t\000i\000o\000n\000\040\000B\000i\000n\000a\000r\000y\000\040\000I\000n\000t\000e\000r\000f\000a\000c\000e\000s}{chapter.2}% 13
\BOOKMARK [1][-]{section.2.8}{\376\377\000R\000e\000l\000a\000t\000e\000d\000\040\000W\000o\000r\000k}{chapter.2}% 14
\BOOKMARK [2][-]{subsection.2.8.1}{\376\377\000S\000T\000A\000P\000L}{section.2.8}% 15
\BOOKMARK [2][-]{subsection.2.8.2}{\376\377\000C\000h\000a\000r\000m\000+\000+}{section.2.8}% 16
\BOOKMARK [2][-]{subsection.2.8.3}{\376\377\000X\0001\0000}{section.2.8}% 17
\BOOKMARK [2][-]{subsection.2.8.4}{\376\377\000C\000h\000a\000p\000e\000l}{section.2.8}% 18
\BOOKMARK [2][-]{subsection.2.8.5}{\376\377\000m\000e\000m\000c\000a\000c\000h\000e\000d}{section.2.8}% 19
\BOOKMARK [0][-]{chapter.3}{\376\377\000M\000e\000t\000h\000o\000d\000s}{}% 20
\BOOKMARK [1][-]{section.3.1}{\376\377\000O\000v\000e\000r\000v\000i\000e\000w\000\040\000a\000n\000d\000\040\000T\000e\000r\000m\000i\000n\000o\000l\000o\000g\000y}{chapter.3}% 21
\BOOKMARK [2][-]{subsection.3.1.1}{\376\377\000M\000e\000s\000s\000a\000g\000e\000\040\000P\000a\000s\000s\000i\000n\000g}{section.3.1}% 22
\BOOKMARK [2][-]{subsection.3.1.2}{\376\377\000M\000e\000s\000s\000a\000g\000e\000\040\000C\000l\000a\000s\000s}{section.3.1}% 23
\BOOKMARK [2][-]{subsection.3.1.3}{\376\377\000W\000o\000r\000k\000e\000r\000s}{section.3.1}% 24
\BOOKMARK [2][-]{subsection.3.1.4}{\376\377\000C\000a\000c\000h\000e\000W\000o\000r\000k\000e\000r}{section.3.1}% 25
\BOOKMARK [2][-]{subsection.3.1.5}{\376\377\000C\000a\000c\000h\000e\000M\000a\000n\000a\000g\000e\000r}{section.3.1}% 26
\BOOKMARK [1][-]{section.3.2}{\376\377\000A\000r\000c\000h\000i\000t\000e\000c\000t\000u\000r\000e}{chapter.3}% 27
\BOOKMARK [0][-]{chapter.4}{\376\377\000R\000e\000s\000u\000l\000t\000s}{}% 28
\BOOKMARK [0][-]{chapter.5}{\376\377\000D\000i\000s\000c\000u\000s\000s\000i\000o\000n}{}% 29
\BOOKMARK [0][-]{chapter.6}{\376\377\000C\000o\000n\000c\000l\000u\000s\000i\000o\000n}{}% 30
\BOOKMARK [0][-]{chapter.6}{\376\377\000R\000e\000f\000e\000r\000e\000n\000c\000e\000s}{}% 31
